bookclub_app_AAC/app/build/intermediates/manifest_merge_blame_file/debug/manifest-merger-blame-debug-report.txt
1<?xml version="1.0" encoding="utf-8"?>
2<manifest xmlns:android="http://schemas.android.com/apk/res/android"
3    package="com.example.bookclub_app_aac"
4    android:versionCode="1"
5    android:versionName="1.0" >
6
7    <uses-sdk
8        android:minSdkVersion="21"
8-->src/main/AndroidManifest.xml
9        android:targetSdkVersion="32" />
9-->src/main/AndroidManifest.xml
10
11    <uses-permission android:name="android.permission.ACCESS_NETWORK_STATE" />
11-->src/main/AndroidManifest.xml:5:5-79
11-->src/main/AndroidManifest.xml:5:22-76
12    <uses-permission android:name="android.permission.INTERNET" />
12-->src/main/AndroidManifest.xml:6:5-67
12-->src/main/AndroidManifest.xml:6:22-64
13
14    <application
14-->src/main/AndroidManifest.xml:8:5-54:19
15        android:name="com.example.bookclub_app_aac.ParseApplication"
15-->src/main/AndroidManifest.xml:9:9-41
16        android:allowBackup="true"
16-->src/main/AndroidManifest.xml:10:9-35
17        android:appComponentFactory="androidx.core.app.CoreComponentFactory"
17-->[androidx.core:core:1.7.0] AndroidManifest.xml:24:18-86
18        android:debuggable="true"
19        android:icon="@mipmap/ic_launcher"
19-->src/main/AndroidManifest.xml:11:9-43
20        android:label="@string/app_name"
20-->src/main/AndroidManifest.xml:12:9-41
21        android:roundIcon="@mipmap/ic_launcher_round"
21-->src/main/AndroidManifest.xml:13:9-54
22        android:supportsRtl="true"
22-->src/main/AndroidManifest.xml:14:9-35
23        android:testOnly="true"
24        android:theme="@style/Theme.Bookclub_app_AAC" >
24-->src/main/AndroidManifest.xml:15:9-54
25        <activity
25-->src/main/AndroidManifest.xml:16:9-18:40
26            android:name="com.example.bookclub_app_aac.ProfileActivity"
26-->src/main/AndroidManifest.xml:17:13-44
27            android:exported="false" />
27-->src/main/AndroidManifest.xml:18:13-37
28        <activity
28-->src/main/AndroidManifest.xml:19:9-21:40
29            android:name="com.example.bookclub_app_aac.MapsActivity"
29-->src/main/AndroidManifest.xml:20:13-41
30            android:exported="false" />
30-->src/main/AndroidManifest.xml:21:13-37
31        <activity
31-->src/main/AndroidManifest.xml:22:9-24:40
32            android:name="com.example.bookclub_app_aac.FavoritesActivity"
32-->src/main/AndroidManifest.xml:23:13-46
33            android:exported="false" />
33-->src/main/AndroidManifest.xml:24:13-37
34        <activity
34-->src/main/AndroidManifest.xml:25:9-27:40
35            android:name="com.example.bookclub_app_aac.MessagesActivity"
35-->src/main/AndroidManifest.xml:26:13-45
36            android:exported="false" />
36-->src/main/AndroidManifest.xml:27:13-37
37        <activity
37-->src/main/AndroidManifest.xml:28:9-30:40
38            android:name="com.example.bookclub_app_aac.HomeScreen"
38-->src/main/AndroidManifest.xml:29:13-39
39            android:exported="false" />
39-->src/main/AndroidManifest.xml:30:13-37
40
41        <provider
41-->src/main/AndroidManifest.xml:32:9-40:20
42            android:name="androidx.core.content.FileProvider"
42-->src/main/AndroidManifest.xml:33:13-62
43            android:authorities="com.codepath.fileprovider"
43-->src/main/AndroidManifest.xml:34:13-60
44            android:exported="false"
44-->src/main/AndroidManifest.xml:35:13-37
45            android:grantUriPermissions="true" >
45-->src/main/AndroidManifest.xml:36:13-47
46            <meta-data
46-->src/main/AndroidManifest.xml:37:13-39:56
47                android:name="android.support.FILE_PROVIDER_PATHS"
47-->src/main/AndroidManifest.xml:38:17-67
48                android:resource="@xml/fileprovider" />
48-->src/main/AndroidManifest.xml:39:17-53
49        </provider>
50
51        <activity
51-->src/main/AndroidManifest.xml:42:9-44:40
52            android:name="com.example.bookclub_app_aac.MainActivity"
52-->src/main/AndroidManifest.xml:43:13-41
53            android:exported="false" />
53-->src/main/AndroidManifest.xml:44:13-37
54        <activity
54-->src/main/AndroidManifest.xml:45:9-53:20
55            android:name="com.example.bookclub_app_aac.LoginActivity"
55-->src/main/AndroidManifest.xml:46:13-42
56            android:exported="true" >
56-->src/main/AndroidManifest.xml:47:13-36
57            <intent-filter>
57-->src/main/AndroidManifest.xml:48:13-52:29
58                <action android:name="android.intent.action.MAIN" />
58-->src/main/AndroidManifest.xml:49:17-69
58-->src/main/AndroidManifest.xml:49:25-66
59
60                <category android:name="android.intent.category.LAUNCHER" />
60-->src/main/AndroidManifest.xml:51:17-77
60-->src/main/AndroidManifest.xml:51:27-74
61            </intent-filter>
62        </activity>
63
64        <provider
64-->[androidx.emoji2:emoji2:1.0.0] AndroidManifest.xml:26:9-34:20
65            android:name="androidx.startup.InitializationProvider"
65-->[androidx.emoji2:emoji2:1.0.0] AndroidManifest.xml:27:13-67
66            android:authorities="com.example.bookclub_app_aac.androidx-startup"
66-->[androidx.emoji2:emoji2:1.0.0] AndroidManifest.xml:28:13-68
67            android:exported="false" >
67-->[androidx.emoji2:emoji2:1.0.0] AndroidManifest.xml:29:13-37
68            <meta-data
68-->[androidx.emoji2:emoji2:1.0.0] AndroidManifest.xml:31:13-33:52
69                android:name="androidx.emoji2.text.EmojiCompatInitializer"
69-->[androidx.emoji2:emoji2:1.0.0] AndroidManifest.xml:32:17-75
70                android:value="androidx.startup" />
70-->[androidx.emoji2:emoji2:1.0.0] AndroidManifest.xml:33:17-49
71            <meta-data
71-->[androidx.lifecycle:lifecycle-process:2.4.0] AndroidManifest.xml:31:13-33:52
72                android:name="androidx.lifecycle.ProcessLifecycleInitializer"
72-->[androidx.lifecycle:lifecycle-process:2.4.0] AndroidManifest.xml:32:17-78
73                android:value="androidx.startup" />
73-->[androidx.lifecycle:lifecycle-process:2.4.0] AndroidManifest.xml:33:17-49
74        </provider>
75    </application>
76
77</manifest>